<?xml version="1.0" encoding="UTF-8"?>
<testsuite xmlns:xsi="http://www.w3.org/2001/XMLSchema-instance" xsi:noNamespaceSchemaLocation="https://maven.apache.org/surefire/maven-surefire-plugin/xsd/surefire-test-report-3.0.xsd" version="3.0" name="AnimalTest" time="0.099" tests="4" errors="0" skipped="0" failures="0">
  <properties>
[...]
</properties>
  <testcase name="TestGetNameAndAge" classname="AnimalTest" time="0.057"/>
  <testcase name="TestConstructor" classname="AnimalTest" time="0.003"/>
  <testcase name="TestAgeCategories" classname="AnimalTest" time="0.001"/>
  <testcase name="TestIsBabyAnimal" classname="AnimalTest" time="0.004"/>
</testsuite>